<?xml version="1.0" encoding="UTF-8"?>
<!-- Generated by org.testng.reporters.JUnitXMLReporter -->
<testsuite ignored="0" hostname="DESKTOP-8PDR25K" failures="2" tests="5" name="Test" time="161.067" errors="0" timestamp="2024-04-08T08:02:34 IST">
  <testcase classname="batchExe.LaunchLakme" name="lakme" time="92.443">
    <failure type="org.openqa.selenium.remote.http.ConnectionFailedException" message="Unable to establish websocket connection to http://127.0.0.1:20083/devtools/browser/9df77030-90c2-47d4-b9cf-bede9217fc23
Build info: version: &amp;apos;4.12.0&amp;apos;, revision: &amp;apos;249f2a7d1b*&amp;apos;
System info: os.name: &amp;apos;Windows 10&amp;apos;, os.arch: &amp;apos;amd64&amp;apos;, os.version: &amp;apos;10.0&amp;apos;, java.version: &amp;apos;17.0.5&amp;apos;
Driver info: driver.version: FirefoxDriver">
      <![CDATA[org.openqa.selenium.remote.http.ConnectionFailedException: Unable to establish websocket connection to http://127.0.0.1:20083/devtools/browser/9df77030-90c2-47d4-b9cf-bede9217fc23
Build info: version: '4.12.0', revision: '249f2a7d1b*'
System info: os.name: 'Windows 10', os.arch: 'amd64', os.version: '10.0', java.version: '17.0.5'
Driver info: driver.version: FirefoxDriver
at org.openqa.selenium.remote.http.netty.NettyWebSocket.<init>(NettyWebSocket.java:116)
at org.openqa.selenium.remote.http.netty.NettyWebSocket.lambda$create$3(NettyWebSocket.java:147)
at org.openqa.selenium.remote.http.netty.NettyClient.openSocket(NettyClient.java:104)
at org.openqa.selenium.devtools.Connection.<init>(Connection.java:83)
at org.openqa.selenium.firefox.FirefoxDriver.maybeGetDevTools(FirefoxDriver.java:334)
at org.openqa.selenium.remote.RemoteWebDriver.quit(RemoteWebDriver.java:430)
at org.openqa.selenium.firefox.FirefoxDriver.quit(FirefoxDriver.java:392)
at batchExe.LaunchLakme.lakme(LaunchLakme.java:14)
at java.base/java.util.ArrayList.forEach(ArrayList.java:1511)
... Removed 27 stack frames]]>
    </failure>
  </testcase> <!-- lakme -->
  <testcase classname="batchExe.LaunchNyka" name="nyka" time="3.305">
    <failure type="org.openqa.selenium.InvalidArgumentException" message="Malformed URL: URL constructor: httww.com/ is not a valid URL.
Build info: version: &amp;apos;4.12.0&amp;apos;, revision: &amp;apos;249f2a7d1b*&amp;apos;
System info: os.name: &amp;apos;Windows 10&amp;apos;, os.arch: &amp;apos;amd64&amp;apos;, os.version: &amp;apos;10.0&amp;apos;, java.version: &amp;apos;17.0.5&amp;apos;
Driver info: org.openqa.selenium.firefox.FirefoxDriver
Command: [270ff823-4d60-4306-9ca6-7b12d3ebe1aa, get {url=httww.com/}]
Capabilities {acceptInsecureCerts: true, browserName: firefox, browserVersion: 124.0.1, moz:accessibilityChecks: false, moz:buildID: 20240321230221, moz:debuggerAddress: 127.0.0.1:30849, moz:geckodriverVersion: 0.32.0, moz:headless: false, moz:platformVersion: 10.0, moz:processID: 17740, moz:profile: C:\Users\Admin\AppData\Loca..., moz:shutdownTimeout: 60000, moz:webdriverClick: true, moz:windowless: false, pageLoadStrategy: normal, platformName: windows, proxy: Proxy(), se:cdp: ws://127.0.0.1:30849/devtoo..., se:cdpVersion: 85.0, setWindowRect: true, strictFileInteractability: false, timeouts: {implicit: 0, pageLoad: 300000, script: 30000}, unhandledPromptBehavior: dismiss and notify}
Session ID: 270ff823-4d60-4306-9ca6-7b12d3ebe1aa">
      <![CDATA[org.openqa.selenium.InvalidArgumentException: Malformed URL: URL constructor: httww.com/ is not a valid URL.
Build info: version: '4.12.0', revision: '249f2a7d1b*'
System info: os.name: 'Windows 10', os.arch: 'amd64', os.version: '10.0', java.version: '17.0.5'
Driver info: org.openqa.selenium.firefox.FirefoxDriver
Command: [270ff823-4d60-4306-9ca6-7b12d3ebe1aa, get {url=httww.com/}]
Capabilities {acceptInsecureCerts: true, browserName: firefox, browserVersion: 124.0.1, moz:accessibilityChecks: false, moz:buildID: 20240321230221, moz:debuggerAddress: 127.0.0.1:30849, moz:geckodriverVersion: 0.32.0, moz:headless: false, moz:platformVersion: 10.0, moz:processID: 17740, moz:profile: C:\Users\Admin\AppData\Loca..., moz:shutdownTimeout: 60000, moz:webdriverClick: true, moz:windowless: false, pageLoadStrategy: normal, platformName: windows, proxy: Proxy(), se:cdp: ws://127.0.0.1:30849/devtoo..., se:cdpVersion: 85.0, setWindowRect: true, strictFileInteractability: false, timeouts: {implicit: 0, pageLoad: 300000, script: 30000}, unhandledPromptBehavior: dismiss and notify}
Session ID: 270ff823-4d60-4306-9ca6-7b12d3ebe1aa
at org.openqa.selenium.remote.codec.w3c.W3CHttpResponseCodec.createException(W3CHttpResponseCodec.java:200)
at org.openqa.selenium.remote.codec.w3c.W3CHttpResponseCodec.decode(W3CHttpResponseCodec.java:133)
at org.openqa.selenium.remote.codec.w3c.W3CHttpResponseCodec.decode(W3CHttpResponseCodec.java:52)
at org.openqa.selenium.remote.HttpCommandExecutor.execute(HttpCommandExecutor.java:191)
at org.openqa.selenium.remote.service.DriverCommandExecutor.invokeExecute(DriverCommandExecutor.java:196)
at org.openqa.selenium.remote.service.DriverCommandExecutor.execute(DriverCommandExecutor.java:171)
at org.openqa.selenium.remote.RemoteWebDriver.execute(RemoteWebDriver.java:602)
at org.openqa.selenium.remote.RemoteWebDriver.get(RemoteWebDriver.java:304)
at batchExe.LaunchNyka.nyka(LaunchNyka.java:13)
at java.base/java.util.ArrayList.forEach(ArrayList.java:1511)
... Removed 32 stack frames]]>
    </failure>
  </testcase> <!-- nyka -->
  <testcase classname="batchExe.LaunchLoreal" name="loreal" time="13.073"/>
  <testcase classname="batchExe.LaunchPurplle" name="purplle" time="19.851"/>
  <testcase classname="batchExe.LaunchSugar" name="sugar" time="32.314"/>
</testsuite> <!-- Test -->
