<?xml version="1.0" encoding="UTF-8"?>
<!-- Generated by org.testng.reporters.JUnitXMLReporter -->
<testsuite ignored="0" hostname="TYSS-Chandana" failures="0" tests="7" name="Test" time="36.127" errors="0" timestamp="2024-04-10T08:09:56 IST">
  <testcase classname="batchExe.LaunchNyka" name="nyka" time="23.683"/>
  <testcase classname="batchExe.LaunchBurger" name="burger" time="24.154"/>
  <testcase classname="batchExe.LaunchPizza" name="pizza" time="25.318"/>
  <testcase classname="batchExe.LaunchKfc" name="kfc" time="28.869"/>
  <testcase classname="batchExe.LaunchLakme" name="lakme" time="31.288"/>
  <testcase classname="batchExe.LaunchLoreal" name="loreal" time="11.315"/>
  <testcase classname="batchExe.LaunchPurplle" name="purplle" time="11.944"/>
</testsuite> <!-- Test -->
